Using pre-set license
Built from '2020.3/staging' branch; Version is '2020.3.0f1 (c7b5465681fb) revision 13088070'; Using compiler version '192528614'; Build Type 'Release'
OS: 'Windows 10 Pro; OS build 19042.1052; Version 2009; 64bit' Language: 'pt' Physical Memory: 16365 MB
BatchMode: 1, IsHumanControllingUs: 0, StartBugReporterOnCrash: 0, Is64bit: 1, IsPro: 0

 COMMAND LINE ARGUMENTS:
D:\Unity\2020.3.0f1\Editor\Unity.exe
-adb2
-batchMode
-noUpm
-name
AssetImportWorker0
-projectPath
D:/Medroom/Repos/WorkshopUnityVR/Workshop Unity VR
-logFile
Logs/AssetImportWorker0.log
-srvPort
50885
Successfully changed project path to: D:/Medroom/Repos/WorkshopUnityVR/Workshop Unity VR
D:/Medroom/Repos/WorkshopUnityVR/Workshop Unity VR
Using Asset Import Pipeline V2.
Refreshing native plugins compatible for Editor in 55.52 ms, found 0 plugins.
Preloading 0 native plugins for Editor in 0.00 ms.
Initialize engine version: 2020.3.0f1 (c7b5465681fb)
[Subsystems] Discovering subsystems at path D:/Unity/2020.3.0f1/Editor/Data/Resources/UnitySubsystems
[Subsystems] Discovering subsystems at path D:/Medroom/Repos/WorkshopUnityVR/Workshop Unity VR/Assets
GfxDevice: creating device client; threaded=0
Direct3D:
    Version:  Direct3D 11.0 [level 11.1]
    Renderer: Radeon RX 590 Series (ID=0x67df)
    Vendor:   
    VRAM:     8171 MB
    Driver:   27.20.14501.18003
Initialize mono
Mono path[0] = 'D:/Unity/2020.3.0f1/Editor/Data/Managed'
Mono path[1] = 'D:/Unity/2020.3.0f1/Editor/Data/MonoBleedingEdge/lib/mono/unityjit'
Mono config path = 'D:/Unity/2020.3.0f1/Editor/Data/MonoBleedingEdge/etc'
Using monoOptions --debugger-agent=transport=dt_socket,embedding=1,server=y,suspend=n,address=127.0.0.1:56828
Begin MonoManager ReloadAssembly
Registering precompiled unity dll's ...
Register platform support module: D:/Unity/2020.3.0f1/Editor/Data/PlaybackEngines/WebGLSupport/UnityEditor.WebGL.Extensions.dll
Register platform support module: D:/Unity/2020.3.0f1/Editor/Data/PlaybackEngines/WindowsStandaloneSupport/UnityEditor.WindowsStandalone.Extensions.dll
Registered in 0.002644 seconds.
Native extension for WindowsStandalone target not found
Native extension for WebGL target not found
Refreshing native plugins compatible for Editor in 55.84 ms, found 0 plugins.
Preloading 0 native plugins for Editor in 0.00 ms.
Invoked RoslynAnalysisRunner static constructor.
RoslynAnalysisRunner will not be running.
RoslynAnalysisRunner has terminated.
Mono: successfully reloaded assembly
- Completed reload, in  5.436 seconds
Platform modules already initialized, skipping
Registering precompiled user dll's ...
Registered in 0.001445 seconds.
Begin MonoManager ReloadAssembly
Native extension for WindowsStandalone target not found
Native extension for WebGL target not found
Refreshing native plugins compatible for Editor in 0.51 ms, found 0 plugins.
Preloading 0 native plugins for Editor in 0.00 ms.
Invoked RoslynAnalysisRunner static constructor.
RoslynAnalysisRunner will not be running.
RoslynAnalysisRunner has terminated.
Mono: successfully reloaded assembly
- Completed reload, in  1.581 seconds
Platform modules already initialized, skipping
========================================================================
Worker process is ready to serve import requests
Launched and connected shader compiler UnityShaderCompiler.exe after 0.07 seconds
Refreshing native plugins compatible for Editor in 0.51 ms, found 0 plugins.
Preloading 0 native plugins for Editor in 0.00 ms.
Unloading 1372 Unused Serialized files (Serialized files now loaded: 0)
System memory in use before: 80.1 MB.
System memory in use after: 79.7 MB.

Unloading 13 unused Assets to reduce memory usage. Loaded Objects now: 1820.
Total: 3.700400 ms (FindLiveObjects: 0.529300 ms CreateObjectMapping: 0.144900 ms MarkObjects: 2.367500 ms  DeleteObjects: 0.657300 ms)

AssetImportParameters requested are different than current active one (requested -> active):
  requireTextureImportCompression: false -> true
========================================================================
Received Import Request.
  path: Assets/Audio/bg-soundtrack.mp3
  artifactKey: Guid(894489a5d8ad6084b80bd39195627276) Importer(815301076,1909f56bfc062723c751e8b465ee728b)
Start importing Assets/Audio/bg-soundtrack.mp3 using Guid(894489a5d8ad6084b80bd39195627276) Importer(815301076,1909f56bfc062723c751e8b465ee728b)  -> (artifact id: '8011068a153c9494248220e542f5c30f') in 0.184769 seconds
  Import took 0.188269 seconds .

========================================================================
Received Import Request.
  Time since last request: 2484.401794 seconds.
  path: Assets/info_morgueroom.txt
  artifactKey: Guid(a50d67568bf3c84459c16a0a5b760283) Importer(815301076,1909f56bfc062723c751e8b465ee728b)
Start importing Assets/info_morgueroom.txt using Guid(a50d67568bf3c84459c16a0a5b760283) Importer(815301076,1909f56bfc062723c751e8b465ee728b)  -> (artifact id: '2a96cd66f182e6ab534737e9b5411e9d') in 0.019795 seconds
  Import took 0.025182 seconds .

========================================================================
Received Import Request.
  Time since last request: 2110.887086 seconds.
  path: Assets/Audio
  artifactKey: Guid(911e32354a27b59499316601a567769b) Importer(815301076,1909f56bfc062723c751e8b465ee728b)
Start importing Assets/Audio using Guid(911e32354a27b59499316601a567769b) Importer(815301076,1909f56bfc062723c751e8b465ee728b)  -> (artifact id: '2a6e52541bedcf4107a88c88f3f88a83') in 0.015503 seconds
  Import took 0.019451 seconds .

========================================================================
Received Import Request.
  Time since last request: 7.571914 seconds.
  path: Assets/Models/props
  artifactKey: Guid(765238bbbcfb3a645b0fc80edba69d66) Importer(815301076,1909f56bfc062723c751e8b465ee728b)
Start importing Assets/Models/props using Guid(765238bbbcfb3a645b0fc80edba69d66) Importer(815301076,1909f56bfc062723c751e8b465ee728b)  -> (artifact id: '8e9bc04a66145f855bd4deda24ef11a4') in 0.011687 seconds
  Import took 0.016271 seconds .

========================================================================
Received Import Request.
  Time since last request: 372.179099 seconds.
  path: Assets/Materials
  artifactKey: Guid(2e4e29dd41da746498c78e73b8632d6c) Importer(815301076,1909f56bfc062723c751e8b465ee728b)
Start importing Assets/Materials using Guid(2e4e29dd41da746498c78e73b8632d6c) Importer(815301076,1909f56bfc062723c751e8b465ee728b)  -> (artifact id: '725e6360c81eddbf817a471b15da206b') in 0.019069 seconds
  Import took 0.025253 seconds .

========================================================================
Received Import Request.
  Time since last request: 36.753935 seconds.
  path: Assets/Materials/New Material.mat
  artifactKey: Guid(b67c25f68ef6aa34ebf9bb0823113feb) Importer(815301076,1909f56bfc062723c751e8b465ee728b)
Start importing Assets/Materials/New Material.mat using Guid(b67c25f68ef6aa34ebf9bb0823113feb) Importer(815301076,1909f56bfc062723c751e8b465ee728b)  -> (artifact id: 'd9cefc98a0bb03c6c86e6604017890dd') in 0.164199 seconds
  Import took 0.169558 seconds .

========================================================================
Received Import Request.
  Time since last request: 0.007520 seconds.
  path: Assets/Materials/New Material.mat
  artifactKey: Guid(b67c25f68ef6aa34ebf9bb0823113feb) Importer(815301076,1909f56bfc062723c751e8b465ee728b)
Start importing Assets/Materials/New Material.mat using Guid(b67c25f68ef6aa34ebf9bb0823113feb) Importer(815301076,1909f56bfc062723c751e8b465ee728b)  -> (artifact id: 'd9cefc98a0bb03c6c86e6604017890dd') in 0.019074 seconds
  Import took 0.023328 seconds .

========================================================================
Received Import Request.
  Time since last request: 302.546557 seconds.
  path: Assets/Models/cadeira
  artifactKey: Guid(8352e07fce5a1614fa146bb65289df5f) Importer(815301076,1909f56bfc062723c751e8b465ee728b)
Start importing Assets/Models/cadeira using Guid(8352e07fce5a1614fa146bb65289df5f) Importer(815301076,1909f56bfc062723c751e8b465ee728b)  -> (artifact id: '67831505b9e45354a4c0ec5bc74368f8') in 0.012041 seconds
  Import took 0.017137 seconds .

========================================================================
Received Import Request.
  Time since last request: 184.355294 seconds.
  path: Assets/Materials/Cadeira_mat.mat
  artifactKey: Guid(4982d2a189943d342b3ee9950809f44c) Importer(815301076,1909f56bfc062723c751e8b465ee728b)
Start importing Assets/Materials/Cadeira_mat.mat using Guid(4982d2a189943d342b3ee9950809f44c) Importer(815301076,1909f56bfc062723c751e8b465ee728b)  -> (artifact id: '0c05bf5496ce41323a0232329bc6aadf') in 0.026877 seconds
  Import took 0.031045 seconds .

========================================================================
Received Import Request.
  Time since last request: 474.864577 seconds.
  path: Assets/Models/cadeira/Cadeira.prefab
  artifactKey: Guid(28c921aed06b9194b9ebe01489408f75) Importer(815301076,1909f56bfc062723c751e8b465ee728b)
Start importing Assets/Models/cadeira/Cadeira.prefab using Guid(28c921aed06b9194b9ebe01489408f75) Importer(815301076,1909f56bfc062723c751e8b465ee728b)  -> (artifact id: '1b6573151b28e9d3c12d6c272e747229') in 0.075185 seconds
  Import took 0.082108 seconds .

========================================================================
Received Import Request.
  Time since last request: 0.001202 seconds.
  path: Assets/Models/cadeira/Cadeira.prefab
  artifactKey: Guid(28c921aed06b9194b9ebe01489408f75) Importer(815301076,1909f56bfc062723c751e8b465ee728b)
Start importing Assets/Models/cadeira/Cadeira.prefab using Guid(28c921aed06b9194b9ebe01489408f75) Importer(815301076,1909f56bfc062723c751e8b465ee728b)  -> (artifact id: '1b6573151b28e9d3c12d6c272e747229') in 0.019951 seconds
  Import took 0.024463 seconds .

========================================================================
Received Import Request.
  Time since last request: 129.173931 seconds.
  path: Assets/Materials/Mesa_mat.mat
  artifactKey: Guid(36719382c2a11e44f88621a2d2865961) Importer(815301076,1909f56bfc062723c751e8b465ee728b)
Start importing Assets/Materials/Mesa_mat.mat using Guid(36719382c2a11e44f88621a2d2865961) Importer(815301076,1909f56bfc062723c751e8b465ee728b)  -> (artifact id: 'd083b7b76d1b81324ab9888db4011cba') in 0.026211 seconds
  Import took 0.031950 seconds .

========================================================================
Received Import Request.
  Time since last request: 60.160540 seconds.
  path: Assets/Models/mesa
  artifactKey: Guid(94875dfcfbff78a4b96d3f68569b1ebc) Importer(815301076,1909f56bfc062723c751e8b465ee728b)
Start importing Assets/Models/mesa using Guid(94875dfcfbff78a4b96d3f68569b1ebc) Importer(815301076,1909f56bfc062723c751e8b465ee728b)  -> (artifact id: '27c2d5d5489e64408cd1cf7a83124d54') in 0.013700 seconds
  Import took 0.018580 seconds .

========================================================================
Received Import Request.
  Time since last request: 3.427245 seconds.
  path: Assets/Models/mesa/Mesa.prefab
  artifactKey: Guid(70d41735c03dca34e9743c019156bd22) Importer(815301076,1909f56bfc062723c751e8b465ee728b)
Start importing Assets/Models/mesa/Mesa.prefab using Guid(70d41735c03dca34e9743c019156bd22) Importer(815301076,1909f56bfc062723c751e8b465ee728b)  -> (artifact id: '0ec886f3fd7a1d7753b96183ce8c7db5') in 0.033337 seconds
  Import took 0.039392 seconds .

========================================================================
Received Import Request.
  Time since last request: 0.004070 seconds.
  path: Assets/Models/mesa/Mesa.prefab
  artifactKey: Guid(70d41735c03dca34e9743c019156bd22) Importer(815301076,1909f56bfc062723c751e8b465ee728b)
Start importing Assets/Models/mesa/Mesa.prefab using Guid(70d41735c03dca34e9743c019156bd22) Importer(815301076,1909f56bfc062723c751e8b465ee728b)  -> (artifact id: '0ec886f3fd7a1d7753b96183ce8c7db5') in 0.017762 seconds
  Import took 0.022819 seconds .

========================================================================
Received Import Request.
  Time since last request: 393.817588 seconds.
  path: Assets/Models/props/Materials/autopsy_table_basecolor.tga
  artifactKey: Guid(700c1b12da023fc43ab7879fe48274e5) Importer(815301076,1909f56bfc062723c751e8b465ee728b)
Start importing Assets/Models/props/Materials/autopsy_table_basecolor.tga using Guid(700c1b12da023fc43ab7879fe48274e5) Importer(815301076,1909f56bfc062723c751e8b465ee728b)  -> (artifact id: '498ae18e59489dd8828dca2f77cee54c') in 0.269826 seconds
  Import took 0.277604 seconds .

========================================================================
Received Import Request.
  Time since last request: 0.000424 seconds.
  path: Assets/Standard Assets/CrossPlatformInput/Sprites/ButtonBrakeUpSprite.png
  artifactKey: Guid(827c9cd4a3943534f909ac6473e17288) Importer(815301076,1909f56bfc062723c751e8b465ee728b)
Start importing Assets/Standard Assets/CrossPlatformInput/Sprites/ButtonBrakeUpSprite.png using Guid(827c9cd4a3943534f909ac6473e17288) Importer(815301076,1909f56bfc062723c751e8b465ee728b)  -> (artifact id: '80d61db356097112c2fe53150699bdea') in 0.080944 seconds
  Import took 0.086457 seconds .

========================================================================
Received Import Request.
  Time since last request: 0.000336 seconds.
  path: Assets/Models/Bau/Bau_NormalMap.jpg
  artifactKey: Guid(2a161d65ac34ff9428c2a346acea2da4) Importer(815301076,1909f56bfc062723c751e8b465ee728b)
Start importing Assets/Models/Bau/Bau_NormalMap.jpg using Guid(2a161d65ac34ff9428c2a346acea2da4) Importer(815301076,1909f56bfc062723c751e8b465ee728b)  -> (artifact id: '6bef74d69f0c4c806a83e2640b9a3c07') in 0.052812 seconds
  Import took 0.056834 seconds .

========================================================================
Received Import Request.
  Time since last request: 0.000336 seconds.
  path: Assets/Standard Assets/CrossPlatformInput/Sprites/ButtonBrakeUpSprite.png
  artifactKey: Guid(827c9cd4a3943534f909ac6473e17288) Importer(815301076,1909f56bfc062723c751e8b465ee728b)
Start importing Assets/Standard Assets/CrossPlatformInput/Sprites/ButtonBrakeUpSprite.png using Guid(827c9cd4a3943534f909ac6473e17288) Importer(815301076,1909f56bfc062723c751e8b465ee728b)  -> (artifact id: '80d61db356097112c2fe53150699bdea') in 0.020098 seconds
  Import took 0.023857 seconds .

========================================================================
Received Import Request.
  Time since last request: 0.000286 seconds.
  path: Assets/Samples/Google Cardboard XR Plugin for Unity/1.6.0/Hello Cardboard/Environments/CubeRoom_BakedDiffuse.png
  artifactKey: Guid(755e0735b3a114799929024204091aba) Importer(815301076,1909f56bfc062723c751e8b465ee728b)
Start importing Assets/Samples/Google Cardboard XR Plugin for Unity/1.6.0/Hello Cardboard/Environments/CubeRoom_BakedDiffuse.png using Guid(755e0735b3a114799929024204091aba) Importer(815301076,1909f56bfc062723c751e8b465ee728b)  -> (artifact id: 'a370ff9c3b9e45c93ff0291183fc25de') in 0.090828 seconds
  Import took 0.094851 seconds .

========================================================================
Received Import Request.
  Time since last request: 0.000364 seconds.
  path: Assets/Models/floor/Materials/ceiling_01_basecolor.tga
  artifactKey: Guid(61bb3df45f6e364409f0dbb8850ddc46) Importer(815301076,1909f56bfc062723c751e8b465ee728b)
Start importing Assets/Models/floor/Materials/ceiling_01_basecolor.tga using Guid(61bb3df45f6e364409f0dbb8850ddc46) Importer(815301076,1909f56bfc062723c751e8b465ee728b)  -> (artifact id: 'ec00662571c1f5a1e3feb10f1356f850') in 0.118152 seconds
  Import took 0.123287 seconds .

========================================================================
Received Import Request.
  Time since last request: 0.000524 seconds.
  path: Assets/Textures/item2.png
  artifactKey: Guid(7df838899a87d2b4bac28fadfa11c7b1) Importer(815301076,1909f56bfc062723c751e8b465ee728b)
Start importing Assets/Textures/item2.png using Guid(7df838899a87d2b4bac28fadfa11c7b1) Importer(815301076,1909f56bfc062723c751e8b465ee728b)  -> (artifact id: '2ad4e9b0b9de88159794ee06d46fbf8c') in 0.024036 seconds
  Import took 0.029537 seconds .

========================================================================
Received Import Request.
  Time since last request: 0.000262 seconds.
  path: Assets/Standard Assets/Effects/TessellationShaders/Textures/CliffHeight.png
  artifactKey: Guid(17da6d53ec93a0444bd0f751b1d02477) Importer(815301076,1909f56bfc062723c751e8b465ee728b)
Start importing Assets/Standard Assets/Effects/TessellationShaders/Textures/CliffHeight.png using Guid(17da6d53ec93a0444bd0f751b1d02477) Importer(815301076,1909f56bfc062723c751e8b465ee728b)  -> (artifact id: 'b048d572902c9726f36b679c99fa69d6') in 0.048855 seconds
  Import took 0.053286 seconds .

========================================================================
Received Import Request.
  Time since last request: 0.000576 seconds.
  path: Assets/Models/props/Materials/cabinet_Metallic.tga
  artifactKey: Guid(ff3f04c2892b8b34688e427ce83872a2) Importer(815301076,1909f56bfc062723c751e8b465ee728b)
Start importing Assets/Models/props/Materials/cabinet_Metallic.tga using Guid(ff3f04c2892b8b34688e427ce83872a2) Importer(815301076,1909f56bfc062723c751e8b465ee728b)  -> (artifact id: '0be0db6df66757cdb06d0d03e2a4bc37') in 0.065344 seconds
  Import took 0.070661 seconds .

========================================================================
Received Import Request.
  Time since last request: 0.000402 seconds.
  path: Assets/Standard Assets/Effects/TessellationShaders/Textures/CliffNormals.png
  artifactKey: Guid(e08c295755c0885479ad19f518286ff2) Importer(815301076,1909f56bfc062723c751e8b465ee728b)
Start importing Assets/Standard Assets/Effects/TessellationShaders/Textures/CliffNormals.png using Guid(e08c295755c0885479ad19f518286ff2) Importer(815301076,1909f56bfc062723c751e8b465ee728b)  -> (artifact id: '8f8e40a8510b840d920372e8844634c4') in 0.035285 seconds
  Import took 0.042661 seconds .

========================================================================
Received Import Request.
  Time since last request: 0.000369 seconds.
  path: Assets/Models/props/Materials/autopsy_table_metallic.tga
  artifactKey: Guid(6b967c928581e1445be1d9f138d55740) Importer(815301076,1909f56bfc062723c751e8b465ee728b)
Start importing Assets/Models/props/Materials/autopsy_table_metallic.tga using Guid(6b967c928581e1445be1d9f138d55740) Importer(815301076,1909f56bfc062723c751e8b465ee728b)  -> (artifact id: '644c6bd36a3e37b7b272e5b734124d60') in 0.199363 seconds
  Import took 0.204426 seconds .

========================================================================
Received Import Request.
  Time since last request: 0.000374 seconds.
  path: Assets/Standard Assets/CrossPlatformInput/Sprites/ButtonThumbstickOverSprite.png
  artifactKey: Guid(5485e2f56028a3c4cb54f5caa167377e) Importer(815301076,1909f56bfc062723c751e8b465ee728b)
Start importing Assets/Standard Assets/CrossPlatformInput/Sprites/ButtonThumbstickOverSprite.png using Guid(5485e2f56028a3c4cb54f5caa167377e) Importer(815301076,1909f56bfc062723c751e8b465ee728b)  -> (artifact id: '1b229dc148b0b8f27961b22894b2352a') in 0.033700 seconds
  Import took 0.040311 seconds .

========================================================================
Received Import Request.
  Time since last request: 0.000416 seconds.
  path: Assets/Models/props/Materials/desk_chair_metallic.tga
  artifactKey: Guid(3bfdcdbb9f85c3242a543a3be3b9e91a) Importer(815301076,1909f56bfc062723c751e8b465ee728b)
Start importing Assets/Models/props/Materials/desk_chair_metallic.tga using Guid(3bfdcdbb9f85c3242a543a3be3b9e91a) Importer(815301076,1909f56bfc062723c751e8b465ee728b)  -> (artifact id: '646b1461261b8e1afa429e14f1dd09e5') in 0.176565 seconds
  Import took 0.181306 seconds .

========================================================================
Received Import Request.
  Time since last request: 0.000463 seconds.
  path: Assets/Standard Assets/CrossPlatformInput/Sprites/ButtonTimescaleFullUpSprite.png
  artifactKey: Guid(0c6271a290ef75b4c97d58746c86c5b8) Importer(815301076,1909f56bfc062723c751e8b465ee728b)
Start importing Assets/Standard Assets/CrossPlatformInput/Sprites/ButtonTimescaleFullUpSprite.png using Guid(0c6271a290ef75b4c97d58746c86c5b8) Importer(815301076,1909f56bfc062723c751e8b465ee728b)  -> (artifact id: '82b541d185969e36d6004528e30c7ee6') in 0.034043 seconds
  Import took 0.041426 seconds .

========================================================================
Received Import Request.
  Time since last request: 0.000436 seconds.
  path: Assets/Models/props/Materials/autopsy_table_normal.tga
  artifactKey: Guid(e4190e4e68c7ba743b8aa014e5ddf078) Importer(815301076,1909f56bfc062723c751e8b465ee728b)
Start importing Assets/Models/props/Materials/autopsy_table_normal.tga using Guid(e4190e4e68c7ba743b8aa014e5ddf078) Importer(815301076,1909f56bfc062723c751e8b465ee728b)  -> (artifact id: '320fc801acdfe8ca51b6aaf62be89a60') in 0.207179 seconds
  Import took 0.212797 seconds .

========================================================================
Received Import Request.
  Time since last request: 0.000333 seconds.
  path: Assets/Models/props/Materials/cabinet_albedo.tga
  artifactKey: Guid(c706b399fa5c2c543a86950d234a3a79) Importer(815301076,1909f56bfc062723c751e8b465ee728b)
Start importing Assets/Models/props/Materials/cabinet_albedo.tga using Guid(c706b399fa5c2c543a86950d234a3a79) Importer(815301076,1909f56bfc062723c751e8b465ee728b)  -> (artifact id: 'ced356292b2f85cabd8cbd7fa8db3fa7') in 0.050247 seconds
  Import took 0.054901 seconds .

========================================================================
Received Import Request.
  Time since last request: 0.000560 seconds.
  path: Assets/Models/Bau/Bau_Color.png
  artifactKey: Guid(5453c09b470f34d46ac95214d168d720) Importer(815301076,1909f56bfc062723c751e8b465ee728b)
Start importing Assets/Models/Bau/Bau_Color.png using Guid(5453c09b470f34d46ac95214d168d720) Importer(815301076,1909f56bfc062723c751e8b465ee728b)  -> (artifact id: '83e8212390c9db6370d29240e0714c03') in 0.032707 seconds
  Import took 0.037065 seconds .

========================================================================
Received Import Request.
  Time since last request: 0.000472 seconds.
  path: Assets/Standard Assets/Effects/ImageEffects/Textures/ContrastEnhanced3D16.png
  artifactKey: Guid(ecd9a2c463dcb476891e43d7c9f16ffa) Importer(815301076,1909f56bfc062723c751e8b465ee728b)
Start importing Assets/Standard Assets/Effects/ImageEffects/Textures/ContrastEnhanced3D16.png using Guid(ecd9a2c463dcb476891e43d7c9f16ffa) Importer(815301076,1909f56bfc062723c751e8b465ee728b)  -> (artifact id: '38c83aa59ecb9422021552d9589158ad') in 0.041418 seconds
  Import took 0.046851 seconds .

========================================================================
Received Import Request.
  Time since last request: 0.000464 seconds.
  path: Assets/Textures/background-1292424_1920.jpg
  artifactKey: Guid(aefa77ecba1b7ad43a1afe41069a38ec) Importer(815301076,1909f56bfc062723c751e8b465ee728b)
Start importing Assets/Textures/background-1292424_1920.jpg using Guid(aefa77ecba1b7ad43a1afe41069a38ec) Importer(815301076,1909f56bfc062723c751e8b465ee728b)  -> (artifact id: '26414472b581b3b05fad7ae5e91f1b78') in 0.083374 seconds
  Import took 0.088230 seconds .

========================================================================
Received Import Request.
  Time since last request: 0.000239 seconds.
  path: Assets/Models/props/Materials/cabinet_normal.tga
  artifactKey: Guid(b69924bad1c49a14b9e0239e325bccf8) Importer(815301076,1909f56bfc062723c751e8b465ee728b)
Start importing Assets/Models/props/Materials/cabinet_normal.tga using Guid(b69924bad1c49a14b9e0239e325bccf8) Importer(815301076,1909f56bfc062723c751e8b465ee728b)  -> (artifact id: '0f586ca3b4ecc1063c0435fc88113e6c') in 0.051843 seconds
  Import took 0.056097 seconds .

========================================================================
Received Import Request.
  Time since last request: 0.000349 seconds.
  path: Assets/Standard Assets/Effects/ImageEffects/Textures/color correction ramp.png
  artifactKey: Guid(d440902fad11e807d00044888d76c639) Importer(815301076,1909f56bfc062723c751e8b465ee728b)
Start importing Assets/Standard Assets/Effects/ImageEffects/Textures/color correction ramp.png using Guid(d440902fad11e807d00044888d76c639) Importer(815301076,1909f56bfc062723c751e8b465ee728b)  -> (artifact id: 'c54d4db257a3bb06f3d939af35b1fb41') in 0.037476 seconds
  Import took 0.043089 seconds .

========================================================================
Received Import Request.
  Time since last request: 0.000386 seconds.
  path: Assets/Models/props/Materials/desk_chair_albedo.tga
  artifactKey: Guid(f89418563dad5f0418045a7b12c7ae22) Importer(815301076,1909f56bfc062723c751e8b465ee728b)
Start importing Assets/Models/props/Materials/desk_chair_albedo.tga using Guid(f89418563dad5f0418045a7b12c7ae22) Importer(815301076,1909f56bfc062723c751e8b465ee728b)  -> (artifact id: '9b534bae9c53a58fc814c6cacf54e93a') in 0.146496 seconds
  Import took 0.152759 seconds .

========================================================================
Received Import Request.
  Time since last request: 0.000367 seconds.
  path: Assets/Standard Assets/CrossPlatformInput/Sprites/ButtonTimescaleSlowUpSprite.png
  artifactKey: Guid(9d7c6e4896067aa4fa512a00f692ac1c) Importer(815301076,1909f56bfc062723c751e8b465ee728b)
Start importing Assets/Standard Assets/CrossPlatformInput/Sprites/ButtonTimescaleSlowUpSprite.png using Guid(9d7c6e4896067aa4fa512a00f692ac1c) Importer(815301076,1909f56bfc062723c751e8b465ee728b)  -> (artifact id: 'cd0a951ab91bec57e2e06bbeb3809f15') in 0.029529 seconds
  Import took 0.034829 seconds .

========================================================================
Received Import Request.
  Time since last request: 0.000543 seconds.
  path: Assets/Models/props/Materials/desk_chair_normals.tga
  artifactKey: Guid(80ee7be1c04ff8f45b80afa019197ddc) Importer(815301076,1909f56bfc062723c751e8b465ee728b)
Start importing Assets/Models/props/Materials/desk_chair_normals.tga using Guid(80ee7be1c04ff8f45b80afa019197ddc) Importer(815301076,1909f56bfc062723c751e8b465ee728b)  -> (artifact id: '78f80e68a6979ced56a4c038f60c3e60') in 0.146794 seconds
  Import took 0.152442 seconds .

========================================================================
Received Import Request.
  Time since last request: 0.000407 seconds.
  path: Assets/Standard Assets/CrossPlatformInput/Sprites/ButtonArrowOverSprite.png
  artifactKey: Guid(49b611e658efbf443b686a4036f74fe3) Importer(815301076,1909f56bfc062723c751e8b465ee728b)
Start importing Assets/Standard Assets/CrossPlatformInput/Sprites/ButtonArrowOverSprite.png using Guid(49b611e658efbf443b686a4036f74fe3) Importer(815301076,1909f56bfc062723c751e8b465ee728b)  -> (artifact id: 'b5de0e339dadf25c3b788d6fdb7bba51') in 0.041749 seconds
  Import took 0.049280 seconds .

========================================================================
Received Import Request.
  Time since last request: 0.000437 seconds.
  path: Assets/Standard Assets/CrossPlatformInput/Sprites/ButtonBrakeOverSprite.png
  artifactKey: Guid(5b1a64ea234fb2343b8d0686c51280de) Importer(815301076,1909f56bfc062723c751e8b465ee728b)
Start importing Assets/Standard Assets/CrossPlatformInput/Sprites/ButtonBrakeOverSprite.png using Guid(5b1a64ea234fb2343b8d0686c51280de) Importer(815301076,1909f56bfc062723c751e8b465ee728b)  -> (artifact id: 'cde840a53e15c358400089f75d1d7563') in 0.034264 seconds
  Import took 0.040356 seconds .

========================================================================
Received Import Request.
  Time since last request: 0.000283 seconds.
  path: Assets/Standard Assets/CrossPlatformInput/Sprites/ButtonSpacebarSprite.png
  artifactKey: Guid(3d8675433a508ec47b8f895201eacf20) Importer(815301076,1909f56bfc062723c751e8b465ee728b)
Start importing Assets/Standard Assets/CrossPlatformInput/Sprites/ButtonSpacebarSprite.png using Guid(3d8675433a508ec47b8f895201eacf20) Importer(815301076,1909f56bfc062723c751e8b465ee728b)  -> (artifact id: 'd7721143a98394219723bfffcd43f508') in 0.049968 seconds
  Import took 0.057327 seconds .

========================================================================
Received Import Request.
  Time since last request: 0.000325 seconds.
  path: Assets/Models/props/Materials/corpse_drawers_normal.tga
  artifactKey: Guid(578711c8c4244644898778d6fd5294f6) Importer(815301076,1909f56bfc062723c751e8b465ee728b)
Start importing Assets/Models/props/Materials/corpse_drawers_normal.tga using Guid(578711c8c4244644898778d6fd5294f6) Importer(815301076,1909f56bfc062723c751e8b465ee728b)  -> (artifact id: 'bb2f7d34d280410b8cb1dfb6fca8cc15') in 0.135019 seconds
  Import took 0.140030 seconds .

========================================================================
Received Import Request.
  Time since last request: 0.000331 seconds.
  path: Assets/Standard Assets/CrossPlatformInput/Sprites/ButtonThumbstickUpSprite.png
  artifactKey: Guid(9866a92691696b346901281f2b329034) Importer(815301076,1909f56bfc062723c751e8b465ee728b)
Start importing Assets/Standard Assets/CrossPlatformInput/Sprites/ButtonThumbstickUpSprite.png using Guid(9866a92691696b346901281f2b329034) Importer(815301076,1909f56bfc062723c751e8b465ee728b)  -> (artifact id: '8b11afd889367b5b1fa2227984ceabf1') in 0.034335 seconds
  Import took 0.039428 seconds .

========================================================================
Received Import Request.
  Time since last request: 0.000294 seconds.
  path: Assets/Standard Assets/CrossPlatformInput/Sprites/ButtonResetSprite.png
  artifactKey: Guid(a94c9a7eb94ceec4a8d67a1890e22e51) Importer(815301076,1909f56bfc062723c751e8b465ee728b)
Start importing Assets/Standard Assets/CrossPlatformInput/Sprites/ButtonResetSprite.png using Guid(a94c9a7eb94ceec4a8d67a1890e22e51) Importer(815301076,1909f56bfc062723c751e8b465ee728b)  -> (artifact id: '2ad7c17f5f9fc36126b620b2f4d37d47') in 0.035760 seconds
  Import took 0.041500 seconds .

========================================================================
Received Import Request.
  Time since last request: 0.000595 seconds.
  path: Assets/Standard Assets/CrossPlatformInput/Sprites/ButtonArrowUpSprite.png
  artifactKey: Guid(4db017495c69e8140a56a0e2b669e3f8) Importer(815301076,1909f56bfc062723c751e8b465ee728b)
Start importing Assets/Standard Assets/CrossPlatformInput/Sprites/ButtonArrowUpSprite.png using Guid(4db017495c69e8140a56a0e2b669e3f8) Importer(815301076,1909f56bfc062723c751e8b465ee728b)  -> (artifact id: 'c8982fa40a5f716f8423f94a9669dbf0') in 0.030793 seconds
  Import took 0.039671 seconds .

========================================================================
Received Import Request.
  Time since last request: 0.000326 seconds.
  path: Assets/Standard Assets/CrossPlatformInput/Sprites/ButtonAcceleratorOverSprite.png
  artifactKey: Guid(eb5f6e2757c821940b69cf1456f7865a) Importer(815301076,1909f56bfc062723c751e8b465ee728b)
Start importing Assets/Standard Assets/CrossPlatformInput/Sprites/ButtonAcceleratorOverSprite.png using Guid(eb5f6e2757c821940b69cf1456f7865a) Importer(815301076,1909f56bfc062723c751e8b465ee728b)  -> (artifact id: '001892872c5bfc332257b5e1e132a7bd') in 0.036879 seconds
  Import took 0.041141 seconds .

========================================================================
Received Import Request.
  Time since last request: 0.000287 seconds.
  path: Assets/Textures/item3.png
  artifactKey: Guid(0921357d01cfbf44989543a96523ea50) Importer(815301076,1909f56bfc062723c751e8b465ee728b)
Start importing Assets/Textures/item3.png using Guid(0921357d01cfbf44989543a96523ea50) Importer(815301076,1909f56bfc062723c751e8b465ee728b)  -> (artifact id: 'ecd3906cde15d2b10e0c47cc72555610') in 0.023069 seconds
  Import took 0.027614 seconds .

========================================================================
Received Import Request.
  Time since last request: 0.000290 seconds.
  path: Assets/Standard Assets/CrossPlatformInput/Sprites/ButtonCameraCycleUpSprite.png
  artifactKey: Guid(a3983c59ebf804b4abba687bd7c9e92f) Importer(815301076,1909f56bfc062723c751e8b465ee728b)
Start importing Assets/Standard Assets/CrossPlatformInput/Sprites/ButtonCameraCycleUpSprite.png using Guid(a3983c59ebf804b4abba687bd7c9e92f) Importer(815301076,1909f56bfc062723c751e8b465ee728b)  -> (artifact id: '14d1a88901fd0244f0e298162b10b182') in 0.044447 seconds
  Import took 0.050976 seconds .

========================================================================
Received Import Request.
  Time since last request: 0.002625 seconds.
  path: Assets/Models/props/Materials/corpse_drawers_metallic.tga
  artifactKey: Guid(b979e47d9f233464b999d5c030b5f15c) Importer(815301076,1909f56bfc062723c751e8b465ee728b)
Start importing Assets/Models/props/Materials/corpse_drawers_metallic.tga using Guid(b979e47d9f233464b999d5c030b5f15c) Importer(815301076,1909f56bfc062723c751e8b465ee728b)  -> (artifact id: '062e514b16a3b0488c540449351f7a5e') in 0.149262 seconds
  Import took 0.154390 seconds .

========================================================================
Received Import Request.
  Time since last request: 0.000492 seconds.
  path: Assets/Models/props/Materials/corpse_drawers_basecolor.tga
  artifactKey: Guid(c59de40ae3f07db4fb1820532bd2545c) Importer(815301076,1909f56bfc062723c751e8b465ee728b)
Start importing Assets/Models/props/Materials/corpse_drawers_basecolor.tga using Guid(c59de40ae3f07db4fb1820532bd2545c) Importer(815301076,1909f56bfc062723c751e8b465ee728b)  -> (artifact id: '8d7eae643e6544786f6cfba6a3764f07') in 0.140455 seconds
  Import took 0.144728 seconds .

========================================================================
Received Import Request.
  Time since last request: 0.000288 seconds.
  path: Assets/Textures/item1.png
  artifactKey: Guid(a853ef5be5ca69846931bf02bc32d856) Importer(815301076,1909f56bfc062723c751e8b465ee728b)
Start importing Assets/Textures/item1.png using Guid(a853ef5be5ca69846931bf02bc32d856) Importer(815301076,1909f56bfc062723c751e8b465ee728b)  -> (artifact id: '066e72442b50720cadbd1bf28bb3ae7f') in 0.027751 seconds
  Import took 0.031639 seconds .

========================================================================
Received Import Request.
  Time since last request: 0.000359 seconds.
  path: Assets/Models/props/Materials/cabinet_AO.tga
  artifactKey: Guid(a5dbee595f707e746af1eb24df596222) Importer(815301076,1909f56bfc062723c751e8b465ee728b)
Start importing Assets/Models/props/Materials/cabinet_AO.tga using Guid(a5dbee595f707e746af1eb24df596222) Importer(815301076,1909f56bfc062723c751e8b465ee728b)  -> (artifact id: 'bb4cef6d380c3f147f565f6a954e52b1') in 0.053503 seconds
  Import took 0.057871 seconds .

========================================================================
Received Import Request.
  Time since last request: 0.000406 seconds.
  path: Assets/Models/floor/Materials/ceiling_01_metallic.tga
  artifactKey: Guid(4f23f9c16e7b9094fbe73acb6e9bdfe5) Importer(815301076,1909f56bfc062723c751e8b465ee728b)
Start importing Assets/Models/floor/Materials/ceiling_01_metallic.tga using Guid(4f23f9c16e7b9094fbe73acb6e9bdfe5) Importer(815301076,1909f56bfc062723c751e8b465ee728b)  -> (artifact id: 'a3c5d24e9b51422751fc931a4ecb7c62') in 0.149885 seconds
  Import took 0.154157 seconds .

========================================================================
Received Import Request.
  Time since last request: 0.000306 seconds.
  path: Assets/Models/floor/Materials/ceiling_01_normal.tga
  artifactKey: Guid(4c8935c1d651c5445ae94c4b723f4cea) Importer(815301076,1909f56bfc062723c751e8b465ee728b)
Start importing Assets/Models/floor/Materials/ceiling_01_normal.tga using Guid(4c8935c1d651c5445ae94c4b723f4cea) Importer(815301076,1909f56bfc062723c751e8b465ee728b)  -> (artifact id: 'ab422d01c06444997dfa9bbc9012e65b') in 0.139202 seconds
  Import took 0.143902 seconds .

========================================================================
Received Import Request.
  Time since last request: 0.000240 seconds.
  path: Assets/Standard Assets/CrossPlatformInput/Sprites/ButtonAcceleratorUpSprite.png
  artifactKey: Guid(f588d850485d0ae479d73cf3bd0b7b00) Importer(815301076,1909f56bfc062723c751e8b465ee728b)
Start importing Assets/Standard Assets/CrossPlatformInput/Sprites/ButtonAcceleratorUpSprite.png using Guid(f588d850485d0ae479d73cf3bd0b7b00) Importer(815301076,1909f56bfc062723c751e8b465ee728b)  -> (artifact id: '2df2bf277f30b4a05b8bc4ece972c79a') in 0.033609 seconds
  Import took 0.038182 seconds .

========================================================================
Received Import Request.
  Time since last request: 37.210725 seconds.
  path: Assets/Models/Bau/Moedas_Color.jpg
  artifactKey: Guid(9525d212bb91e8a4ca6879e44d70feed) Importer(815301076,1909f56bfc062723c751e8b465ee728b)
Start importing Assets/Models/Bau/Moedas_Color.jpg using Guid(9525d212bb91e8a4ca6879e44d70feed) Importer(815301076,1909f56bfc062723c751e8b465ee728b)  -> (artifact id: '4d67644ddd1598dad22ec69eb9195c91') in 0.030522 seconds
  Import took 0.035424 seconds .

========================================================================
Received Import Request.
  Time since last request: 0.001311 seconds.
  path: Assets/Models/Bau/Moedas_NormalMap.jpg
  artifactKey: Guid(1a4d21dda1ee92641b5d41a3342ede6a) Importer(815301076,1909f56bfc062723c751e8b465ee728b)
Start importing Assets/Models/Bau/Moedas_NormalMap.jpg using Guid(1a4d21dda1ee92641b5d41a3342ede6a) Importer(815301076,1909f56bfc062723c751e8b465ee728b)  -> (artifact id: '0ce6901c6cc04edd78dfffa969108c17') in 0.028672 seconds
  Import took 0.035411 seconds .

========================================================================
Received Import Request.
  Time since last request: 0.000369 seconds.
  path: Assets/Models/Bau/Moedas_Color.jpg
  artifactKey: Guid(9525d212bb91e8a4ca6879e44d70feed) Importer(815301076,1909f56bfc062723c751e8b465ee728b)
Start importing Assets/Models/Bau/Moedas_Color.jpg using Guid(9525d212bb91e8a4ca6879e44d70feed) Importer(815301076,1909f56bfc062723c751e8b465ee728b)  -> (artifact id: '4d67644ddd1598dad22ec69eb9195c91') in 0.041993 seconds
  Import took 0.045942 seconds .

========================================================================
Received Import Request.
  Time since last request: 0.000298 seconds.
  path: Assets/Models/Bau/Moedas_NormalMap.jpg
  artifactKey: Guid(1a4d21dda1ee92641b5d41a3342ede6a) Importer(815301076,1909f56bfc062723c751e8b465ee728b)
Start importing Assets/Models/Bau/Moedas_NormalMap.jpg using Guid(1a4d21dda1ee92641b5d41a3342ede6a) Importer(815301076,1909f56bfc062723c751e8b465ee728b)  -> (artifact id: '0ce6901c6cc04edd78dfffa969108c17') in 0.027129 seconds
  Import took 0.031277 seconds .

========================================================================
Received Import Request.
  Time since last request: 1.173747 seconds.
  path: Assets/Standard Assets/Effects/ImageEffects/Textures/SphereShape.psd
  artifactKey: Guid(fc00ec05a89da4ff695a4273715cd5ce) Importer(815301076,1909f56bfc062723c751e8b465ee728b)
Start importing Assets/Standard Assets/Effects/ImageEffects/Textures/SphereShape.psd using Guid(fc00ec05a89da4ff695a4273715cd5ce) Importer(815301076,1909f56bfc062723c751e8b465ee728b)  -> (artifact id: 'dd9c6ab62378a087bdfaa85414f495a6') in 0.029399 seconds
  Import took 0.034328 seconds .

========================================================================
Received Import Request.
  Time since last request: 0.004017 seconds.
  path: Assets/Standard Assets/Effects/ImageEffects/Textures/SphereShape.psd
  artifactKey: Guid(fc00ec05a89da4ff695a4273715cd5ce) Importer(815301076,1909f56bfc062723c751e8b465ee728b)
Start importing Assets/Standard Assets/Effects/ImageEffects/Textures/SphereShape.psd using Guid(fc00ec05a89da4ff695a4273715cd5ce) Importer(815301076,1909f56bfc062723c751e8b465ee728b)  -> (artifact id: 'dd9c6ab62378a087bdfaa85414f495a6') in 0.009423 seconds
  Import took 0.013658 seconds .

========================================================================
Received Import Request.
  Time since last request: 3.065325 seconds.
  path: Assets/Textures/texture-2923336.jpg
  artifactKey: Guid(f9f054ca40e2bb34596fd8313467afec) Importer(815301076,1909f56bfc062723c751e8b465ee728b)
Start importing Assets/Textures/texture-2923336.jpg using Guid(f9f054ca40e2bb34596fd8313467afec) Importer(815301076,1909f56bfc062723c751e8b465ee728b)  -> (artifact id: 'c797a184d1a66adf3ec9166399fc2232') in 0.046866 seconds
  Import took 0.050878 seconds .

========================================================================
Received Import Request.
  Time since last request: 0.000277 seconds.
  path: Assets/Models/wall/Materials/wall2_basecolor.tga
  artifactKey: Guid(1016cc7b69658154195f1c95fd4defe3) Importer(815301076,1909f56bfc062723c751e8b465ee728b)
Start importing Assets/Models/wall/Materials/wall2_basecolor.tga using Guid(1016cc7b69658154195f1c95fd4defe3) Importer(815301076,1909f56bfc062723c751e8b465ee728b)  -> (artifact id: 'ed0243ece74aa188036be7d4d51c8ee9') in 0.141683 seconds
  Import took 0.146379 seconds .

========================================================================
Received Import Request.
  Time since last request: 0.000296 seconds.
  path: Assets/Standard Assets/Effects/ToonShading/Textures/UtilToonGradient.png
  artifactKey: Guid(4a056241e2722dc46a7262a8e7073fd9) Importer(815301076,1909f56bfc062723c751e8b465ee728b)
Start importing Assets/Standard Assets/Effects/ToonShading/Textures/UtilToonGradient.png using Guid(4a056241e2722dc46a7262a8e7073fd9) Importer(815301076,1909f56bfc062723c751e8b465ee728b)  -> (artifact id: '78529f05353b98fb35089adff35ceeb7') in 0.029134 seconds
  Import took 0.032351 seconds .

========================================================================
Received Import Request.
  Time since last request: 0.000292 seconds.
  path: Assets/Samples/Google Cardboard XR Plugin for Unity/1.6.0/Hello Cardboard/Textures/TriSphere_Blue_BakedDiffuse.png
  artifactKey: Guid(ce4a1a00714294255b95526bab0d31b7) Importer(815301076,1909f56bfc062723c751e8b465ee728b)
Start importing Assets/Samples/Google Cardboard XR Plugin for Unity/1.6.0/Hello Cardboard/Textures/TriSphere_Blue_BakedDiffuse.png using Guid(ce4a1a00714294255b95526bab0d31b7) Importer(815301076,1909f56bfc062723c751e8b465ee728b)  -> (artifact id: '77435a7dc2563344023c7e27bb04f35d') in 0.042705 seconds
  Import took 0.046166 seconds .

========================================================================
Received Import Request.
  Time since last request: 0.000323 seconds.
  path: Assets/Standard Assets/Effects/ImageEffects/Textures/VignetteMask.png
  artifactKey: Guid(95ef4804fe0be4c999ddaa383536cde8) Importer(815301076,1909f56bfc062723c751e8b465ee728b)
Start importing Assets/Standard Assets/Effects/ImageEffects/Textures/VignetteMask.png using Guid(95ef4804fe0be4c999ddaa383536cde8) Importer(815301076,1909f56bfc062723c751e8b465ee728b)  -> (artifact id: '9441cff8c32e25089a27c659c2302b4e') in 0.024631 seconds
  Import took 0.032176 seconds .

========================================================================
Received Import Request.
  Time since last request: 0.000281 seconds.
  path: Assets/Models/wall/Materials/wall2_normal.tga
  artifactKey: Guid(c3ee295756c9b6540b01d1557c0eb28d) Importer(815301076,1909f56bfc062723c751e8b465ee728b)
Start importing Assets/Models/wall/Materials/wall2_normal.tga using Guid(c3ee295756c9b6540b01d1557c0eb28d) Importer(815301076,1909f56bfc062723c751e8b465ee728b)  -> (artifact id: 'fc74f19ed6f5b3c98e09c3fc328bcbd4') in 0.165319 seconds
  Import took 0.170768 seconds .

========================================================================
Received Import Request.
  Time since last request: 0.000322 seconds.
  path: Assets/Models/wall/Materials/wall2_metallic.tga
  artifactKey: Guid(2b08bd1457f379442a6acb52f5769dee) Importer(815301076,1909f56bfc062723c751e8b465ee728b)
Start importing Assets/Models/wall/Materials/wall2_metallic.tga using Guid(2b08bd1457f379442a6acb52f5769dee) Importer(815301076,1909f56bfc062723c751e8b465ee728b)  -> (artifact id: '347694fd468fb768a66edc25ec7f1e0b') in 0.181095 seconds
  Import took 0.187748 seconds .

========================================================================
Received Import Request.
  Time since last request: 0.000311 seconds.
  path: Assets/Standard Assets/Effects/ToonShading/Textures/ToonLit.psd
  artifactKey: Guid(b995d4bd9d11078d11005b9844295342) Importer(815301076,1909f56bfc062723c751e8b465ee728b)
Start importing Assets/Standard Assets/Effects/ToonShading/Textures/ToonLit.psd using Guid(b995d4bd9d11078d11005b9844295342) Importer(815301076,1909f56bfc062723c751e8b465ee728b)  -> (artifact id: 'f397dc30188e6a24bf3abdcadbdf242f') in 0.082107 seconds
  Import took 0.087441 seconds .

========================================================================
Received Import Request.
  Time since last request: 0.000367 seconds.
  path: Assets/Textures/texture-2923336.jpg
  artifactKey: Guid(f9f054ca40e2bb34596fd8313467afec) Importer(815301076,1909f56bfc062723c751e8b465ee728b)
Start importing Assets/Textures/texture-2923336.jpg using Guid(f9f054ca40e2bb34596fd8313467afec) Importer(815301076,1909f56bfc062723c751e8b465ee728b)  -> (artifact id: 'c797a184d1a66adf3ec9166399fc2232') in 0.039732 seconds
  Import took 0.043537 seconds .

========================================================================
Received Import Request.
  Time since last request: 0.000328 seconds.
  path: Assets/Models/wall/Materials/wall_basecolor.tga
  artifactKey: Guid(fd121f09d3b1380418ce54791ab6ae28) Importer(815301076,1909f56bfc062723c751e8b465ee728b)
Start importing Assets/Models/wall/Materials/wall_basecolor.tga using Guid(fd121f09d3b1380418ce54791ab6ae28) Importer(815301076,1909f56bfc062723c751e8b465ee728b)  -> (artifact id: 'a97e160ad13f980bdaa5ee068a50ce7c') in 0.143647 seconds
  Import took 0.148351 seconds .

========================================================================
Received Import Request.
  Time since last request: 0.000224 seconds.
  path: Assets/Models/wall/Materials/wall_metallic.tga
  artifactKey: Guid(cdca89024616e6045abdcb180efcc5cd) Importer(815301076,1909f56bfc062723c751e8b465ee728b)
Start importing Assets/Models/wall/Materials/wall_metallic.tga using Guid(cdca89024616e6045abdcb180efcc5cd) Importer(815301076,1909f56bfc062723c751e8b465ee728b)  -> (artifact id: '0619d73b7f61d1ac64f2e484ec6f3c07') in 0.169230 seconds
  Import took 0.172561 seconds .

========================================================================
Received Import Request.
  Time since last request: 0.000357 seconds.
  path: Assets/Models/wall/Materials/wall_normal.tga
  artifactKey: Guid(85329bdbbc430fc4d892154c0bf28117) Importer(815301076,1909f56bfc062723c751e8b465ee728b)
Start importing Assets/Models/wall/Materials/wall_normal.tga using Guid(85329bdbbc430fc4d892154c0bf28117) Importer(815301076,1909f56bfc062723c751e8b465ee728b)  -> (artifact id: '4fcd566671dfd4eb22ce4dad658e11ee') in 0.153452 seconds
  Import took 0.157386 seconds .

========================================================================
Received Import Request.
  Time since last request: 0.000290 seconds.
  path: Assets/Samples/Google Cardboard XR Plugin for Unity/1.6.0/Hello Cardboard/Textures/TriSphere_Pink_BakedDiffuse.png
  artifactKey: Guid(d8ab1240b87c44144a6a89c3123c7654) Importer(815301076,1909f56bfc062723c751e8b465ee728b)
Start importing Assets/Samples/Google Cardboard XR Plugin for Unity/1.6.0/Hello Cardboard/Textures/TriSphere_Pink_BakedDiffuse.png using Guid(d8ab1240b87c44144a6a89c3123c7654) Importer(815301076,1909f56bfc062723c751e8b465ee728b)  -> (artifact id: '94cd380c6d4ec4466ead22082ea53445') in 0.045500 seconds
  Import took 0.050305 seconds .

========================================================================
Received Import Request.
  Time since last request: 0.000372 seconds.
  path: Assets/Standard Assets/CrossPlatformInput/Sprites/TouchpadSprite.png
  artifactKey: Guid(e4f1fee3de32377429fd1348fae62b10) Importer(815301076,1909f56bfc062723c751e8b465ee728b)
Start importing Assets/Standard Assets/CrossPlatformInput/Sprites/TouchpadSprite.png using Guid(e4f1fee3de32377429fd1348fae62b10) Importer(815301076,1909f56bfc062723c751e8b465ee728b)  -> (artifact id: '8cde68ac724e3c9000f407de6be649e8') in 0.029707 seconds
  Import took 0.035622 seconds .

========================================================================
Received Import Request.
  Time since last request: 187.233321 seconds.
  path: Assets/Models/cadeira/Cadeira.prefab
  artifactKey: Guid(28c921aed06b9194b9ebe01489408f75) Importer(815301076,1909f56bfc062723c751e8b465ee728b)
Start importing Assets/Models/cadeira/Cadeira.prefab using Guid(28c921aed06b9194b9ebe01489408f75) Importer(815301076,1909f56bfc062723c751e8b465ee728b)  -> (artifact id: '2760d1c5137c4b25b5297f1e43fa23ec') in 0.025477 seconds
  Import took 0.031267 seconds .

========================================================================
Received Import Request.
  Time since last request: 134.845368 seconds.
  path: Assets/Models/Bau
  artifactKey: Guid(18dbc67b6a54ab4499d15a8af03326c9) Importer(815301076,1909f56bfc062723c751e8b465ee728b)
Start importing Assets/Models/Bau using Guid(18dbc67b6a54ab4499d15a8af03326c9) Importer(815301076,1909f56bfc062723c751e8b465ee728b)  -> (artifact id: 'dcecc642776f137194b5cc5798c3ff9a') in 0.012308 seconds
  Import took 0.016346 seconds .

========================================================================
Received Import Request.
  Time since last request: 0.111945 seconds.
  path: Assets/Models/Bau/SM_Bau.fbx
  artifactKey: Guid(2fb6aa76c02ac654e917256ed8157608) Importer(815301076,1909f56bfc062723c751e8b465ee728b)
Start importing Assets/Models/Bau/SM_Bau.fbx using Guid(2fb6aa76c02ac654e917256ed8157608) Importer(815301076,1909f56bfc062723c751e8b465ee728b)  -> (artifact id: '984b150c85bfb856efedb67393e0b34d') in 0.648244 seconds
  Import took 0.654682 seconds .

========================================================================
Received Import Request.
  Time since last request: 414.925789 seconds.
  path: Assets/Models/telescopio
  artifactKey: Guid(eb370aceeb9985c47bec77f79e257a08) Importer(815301076,1909f56bfc062723c751e8b465ee728b)
Start importing Assets/Models/telescopio using Guid(eb370aceeb9985c47bec77f79e257a08) Importer(815301076,1909f56bfc062723c751e8b465ee728b)  -> (artifact id: 'f689ad1e1bfe271077b359539a4569a8') in 0.010707 seconds
  Import took 0.015220 seconds .

========================================================================
Received Import Request.
  Time since last request: 2.589463 seconds.
  path: Assets/Models/telescopio/uploads_files_2736219_Telescope_fbx.fbx
  artifactKey: Guid(8bb4581e3dc569441b6f468f549d0b87) Importer(815301076,1909f56bfc062723c751e8b465ee728b)
Start importing Assets/Models/telescopio/uploads_files_2736219_Telescope_fbx.fbx using Guid(8bb4581e3dc569441b6f468f549d0b87) Importer(815301076,1909f56bfc062723c751e8b465ee728b)  -> (artifact id: '9e9ad4771b5429d49f8516b1e7e73ed1') in 0.343176 seconds
  Import took 0.358076 seconds .

========================================================================
Received Prepare
Registering precompiled user dll's ...
Registered in 0.001385 seconds.
Begin MonoManager ReloadAssembly
Native extension for WindowsStandalone target not found
Native extension for WebGL target not found
Refreshing native plugins compatible for Editor in 0.67 ms, found 0 plugins.
Preloading 0 native plugins for Editor in 0.00 ms.
Invoked RoslynAnalysisRunner static constructor.
RoslynAnalysisRunner will not be running.
RoslynAnalysisRunner has terminated.
Mono: successfully reloaded assembly
- Completed reload, in  2.431 seconds
Platform modules already initialized, skipping
Switching build target platform(5) subTarget(0) extendedPlatform(0) -> platform(13) subTarget(589824) extendedPlatform(0)
Refreshing native plugins compatible for Editor in 0.59 ms, found 0 plugins.
Preloading 0 native plugins for Editor in 0.00 ms.
Unloading 1294 Unused Serialized files (Serialized files now loaded: 0)
System memory in use before: 76.1 MB.
System memory in use after: 75.8 MB.

Unloading 8 unused Assets to reduce memory usage. Loaded Objects now: 1883.
Total: 5.055500 ms (FindLiveObjects: 0.386800 ms CreateObjectMapping: 0.098000 ms MarkObjects: 3.399300 ms  DeleteObjects: 1.168900 ms)

AssetImportParameters requested are different than current active one (requested -> active):
  requireTextureImportCompression: false -> true
  custom:graphics/normal-map-encoding: 01000000000000000000000000000000 -> 02000000000000000000000000000000
========================================================================
Received Import Request.
  Time since last request: 493.759614 seconds.
  path: Assets/Samples/Google Cardboard XR Plugin for Unity/1.6.0/Hello Cardboard/Models
  artifactKey: Guid(af4d2b635db24449d93f9d8647261c2e) Importer(815301076,1909f56bfc062723c751e8b465ee728b)
Start importing Assets/Samples/Google Cardboard XR Plugin for Unity/1.6.0/Hello Cardboard/Models using Guid(af4d2b635db24449d93f9d8647261c2e) Importer(815301076,1909f56bfc062723c751e8b465ee728b)  -> (artifact id: '2496c88352daae5a12235e4e4238b4c9') in 0.016000 seconds
  Import took 0.021600 seconds .

========================================================================
Received Prepare
Refreshing native plugins compatible for Editor in 1.99 ms, found 0 plugins.
Preloading 0 native plugins for Editor in 0.00 ms.
Unloading 5 Unused Serialized files (Serialized files now loaded: 0)
System memory in use before: 52.8 MB.
System memory in use after: 52.4 MB.

Unloading 5 unused Assets to reduce memory usage. Loaded Objects now: 1883.
Total: 3.979000 ms (FindLiveObjects: 0.499900 ms CreateObjectMapping: 0.170900 ms MarkObjects: 2.644900 ms  DeleteObjects: 0.660900 ms)

========================================================================
Received Prepare
Refreshing native plugins compatible for Editor in 2.13 ms, found 0 plugins.
Preloading 0 native plugins for Editor in 0.00 ms.
Unloading 5 Unused Serialized files (Serialized files now loaded: 0)
System memory in use before: 52.8 MB.
System memory in use after: 52.4 MB.

Unloading 5 unused Assets to reduce memory usage. Loaded Objects now: 1883.
Total: 5.413700 ms (FindLiveObjects: 0.882500 ms CreateObjectMapping: 0.167200 ms MarkObjects: 3.625100 ms  DeleteObjects: 0.736100 ms)

AssetImportParameters requested are different than current active one (requested -> active):
  requireTextureImportCompression: false -> true
========================================================================
Received Import Request.
  Time since last request: 654.847734 seconds.
  path: Assets/Scenes/Main.unity
  artifactKey: Guid(845128cf95f90184697fffb609346de8) Importer(815301076,1909f56bfc062723c751e8b465ee728b)
Start importing Assets/Scenes/Main.unity using Guid(845128cf95f90184697fffb609346de8) Importer(815301076,1909f56bfc062723c751e8b465ee728b)  -> (artifact id: '6348754d7b53a0b190baf6e3a0affe02') in 0.025485 seconds
  Import took 0.030528 seconds .

========================================================================
Received Import Request.
  Time since last request: 0.002053 seconds.
  path: Assets/Scenes/Main.unity
  artifactKey: Guid(845128cf95f90184697fffb609346de8) Importer(815301076,1909f56bfc062723c751e8b465ee728b)
Start importing Assets/Scenes/Main.unity using Guid(845128cf95f90184697fffb609346de8) Importer(815301076,1909f56bfc062723c751e8b465ee728b)  -> (artifact id: '6348754d7b53a0b190baf6e3a0affe02') in 0.005666 seconds
  Import took 0.009971 seconds .

========================================================================
Received Import Request.
  Time since last request: 108.593478 seconds.
  path: Assets/Textures
  artifactKey: Guid(a9cf7886192a5ee4aad31aef27fa128f) Importer(815301076,1909f56bfc062723c751e8b465ee728b)
Start importing Assets/Textures using Guid(a9cf7886192a5ee4aad31aef27fa128f) Importer(815301076,1909f56bfc062723c751e8b465ee728b)  -> (artifact id: '0a2c1ef3cc93f5704b71764c0eae4df6') in 0.020637 seconds
  Import took 0.028991 seconds .

========================================================================
Received Import Request.
  Time since last request: 0.001012 seconds.
  path: Assets/Textures
  artifactKey: Guid(a9cf7886192a5ee4aad31aef27fa128f) Importer(815301076,1909f56bfc062723c751e8b465ee728b)
Start importing Assets/Textures using Guid(a9cf7886192a5ee4aad31aef27fa128f) Importer(815301076,1909f56bfc062723c751e8b465ee728b)  -> (artifact id: '0a2c1ef3cc93f5704b71764c0eae4df6') in 0.004544 seconds
  Import took 0.009300 seconds .

========================================================================
Received Import Request.
  Time since last request: 399.669660 seconds.
  path: Assets/Textures/background-1292424_1920.jpg
  artifactKey: Guid(aefa77ecba1b7ad43a1afe41069a38ec) Importer(815301076,1909f56bfc062723c751e8b465ee728b)
Start importing Assets/Textures/background-1292424_1920.jpg using Guid(aefa77ecba1b7ad43a1afe41069a38ec) Importer(815301076,1909f56bfc062723c751e8b465ee728b)  -> (artifact id: 'cb5078480222d928a0aa3f558327ef8e') in 0.144441 seconds
  Import took 0.149743 seconds .

========================================================================
Received Import Request.
  Time since last request: 0.000368 seconds.
  path: Assets/Textures/texture-2923336.jpg
  artifactKey: Guid(f9f054ca40e2bb34596fd8313467afec) Importer(815301076,1909f56bfc062723c751e8b465ee728b)
Start importing Assets/Textures/texture-2923336.jpg using Guid(f9f054ca40e2bb34596fd8313467afec) Importer(815301076,1909f56bfc062723c751e8b465ee728b)  -> (artifact id: 'a5f76d71a7105df56dd1cd51b694c35c') in 0.066818 seconds
  Import took 0.071067 seconds .

========================================================================
Received Import Request.
  Time since last request: 22.844284 seconds.
  path: Assets/Textures/item2.png
  artifactKey: Guid(7df838899a87d2b4bac28fadfa11c7b1) Importer(815301076,1909f56bfc062723c751e8b465ee728b)
Start importing Assets/Textures/item2.png using Guid(7df838899a87d2b4bac28fadfa11c7b1) Importer(815301076,1909f56bfc062723c751e8b465ee728b)  -> (artifact id: '4f05fd9f5f9325156307e4d0f218668c') in 0.058275 seconds
  Import took 0.064836 seconds .

========================================================================
Received Import Request.
  Time since last request: 0.000315 seconds.
  path: Assets/Textures/item1.png
  artifactKey: Guid(a853ef5be5ca69846931bf02bc32d856) Importer(815301076,1909f56bfc062723c751e8b465ee728b)
Start importing Assets/Textures/item1.png using Guid(a853ef5be5ca69846931bf02bc32d856) Importer(815301076,1909f56bfc062723c751e8b465ee728b)  -> (artifact id: 'cadcc7a0839412af151eb20cb8126677') in 0.024672 seconds
  Import took 0.029412 seconds .

========================================================================
Received Import Request.
  Time since last request: 0.000376 seconds.
  path: Assets/Textures/item3.png
  artifactKey: Guid(0921357d01cfbf44989543a96523ea50) Importer(815301076,1909f56bfc062723c751e8b465ee728b)
Start importing Assets/Textures/item3.png using Guid(0921357d01cfbf44989543a96523ea50) Importer(815301076,1909f56bfc062723c751e8b465ee728b)  -> (artifact id: 'c421afb758617ef24615c550a362c183') in 0.031816 seconds
  Import took 0.035935 seconds .

========================================================================
Received Import Request.
  Time since last request: 393.557823 seconds.
  path: Assets/Materials/Cadeira_mat.mat
  artifactKey: Guid(4982d2a189943d342b3ee9950809f44c) Importer(815301076,1909f56bfc062723c751e8b465ee728b)
Start importing Assets/Materials/Cadeira_mat.mat using Guid(4982d2a189943d342b3ee9950809f44c) Importer(815301076,1909f56bfc062723c751e8b465ee728b)  -> (artifact id: '2665727344ef10f3d349469636b921e9') in 0.123349 seconds
  Import took 0.127568 seconds .

========================================================================
Received Import Request.
  Time since last request: 0.000391 seconds.
  path: Assets/Materials/Chao_mat.mat
  artifactKey: Guid(b67c25f68ef6aa34ebf9bb0823113feb) Importer(815301076,1909f56bfc062723c751e8b465ee728b)
Start importing Assets/Materials/Chao_mat.mat using Guid(b67c25f68ef6aa34ebf9bb0823113feb) Importer(815301076,1909f56bfc062723c751e8b465ee728b)  -> (artifact id: '180553a8ea4c6ff028fc0f3dc2f0d2dd') in 0.024026 seconds
  Import took 0.028172 seconds .

========================================================================
Received Import Request.
  Time since last request: 0.000258 seconds.
  path: Assets/Materials/Mesa_mat.mat
  artifactKey: Guid(36719382c2a11e44f88621a2d2865961) Importer(815301076,1909f56bfc062723c751e8b465ee728b)
Start importing Assets/Materials/Mesa_mat.mat using Guid(36719382c2a11e44f88621a2d2865961) Importer(815301076,1909f56bfc062723c751e8b465ee728b)  -> (artifact id: 'd0e9be7b017e220663b160a9d8e3b31e') in 0.076889 seconds
  Import took 0.081535 seconds .

========================================================================
Received Import Request.
  Time since last request: 14.850535 seconds.
  path: Assets/Materials/Selecionado_mat.mat
  artifactKey: Guid(2559a00276b71b646b95cecbff9dd38e) Importer(815301076,1909f56bfc062723c751e8b465ee728b)
Start importing Assets/Materials/Selecionado_mat.mat using Guid(2559a00276b71b646b95cecbff9dd38e) Importer(815301076,1909f56bfc062723c751e8b465ee728b)  -> (artifact id: '5f2c945cdeeb930d2d0ef24c43026377') in 0.025904 seconds
  Import took 0.030308 seconds .

========================================================================
Received Prepare
Registering precompiled user dll's ...
Registered in 0.001473 seconds.
Begin MonoManager ReloadAssembly
Native extension for WindowsStandalone target not found
Native extension for WebGL target not found
Refreshing native plugins compatible for Editor in 0.61 ms, found 0 plugins.
Preloading 0 native plugins for Editor in 0.00 ms.
Invoked RoslynAnalysisRunner static constructor.
RoslynAnalysisRunner will not be running.
RoslynAnalysisRunner has terminated.
Mono: successfully reloaded assembly
- Completed reload, in  1.835 seconds
Platform modules already initialized, skipping
Switching build target platform(5) subTarget(0) extendedPlatform(0) -> platform(13) subTarget(589824) extendedPlatform(0)
Refreshing native plugins compatible for Editor in 0.82 ms, found 0 plugins.
Preloading 0 native plugins for Editor in 0.00 ms.
Unloading 1307 Unused Serialized files (Serialized files now loaded: 0)
System memory in use before: 77.8 MB.
System memory in use after: 76.9 MB.

Unloading 21 unused Assets to reduce memory usage. Loaded Objects now: 1894.
Total: 5.564500 ms (FindLiveObjects: 0.432700 ms CreateObjectMapping: 0.085000 ms MarkObjects: 3.458300 ms  DeleteObjects: 1.586500 ms)

AssetImportParameters requested are different than current active one (requested -> active):
  requireTextureImportCompression: false -> true
  custom:graphics/normal-map-encoding: 01000000000000000000000000000000 -> 02000000000000000000000000000000
========================================================================
Received Prepare
Registering precompiled user dll's ...
Registered in 0.001345 seconds.
Begin MonoManager ReloadAssembly
Native extension for WindowsStandalone target not found
Native extension for WebGL target not found
Refreshing native plugins compatible for Editor in 0.59 ms, found 0 plugins.
Preloading 0 native plugins for Editor in 0.00 ms.
Invoked RoslynAnalysisRunner static constructor.
RoslynAnalysisRunner will not be running.
RoslynAnalysisRunner has terminated.
Mono: successfully reloaded assembly
- Completed reload, in  2.000 seconds
Platform modules already initialized, skipping
Switching build target platform(5) subTarget(0) extendedPlatform(0) -> platform(13) subTarget(589824) extendedPlatform(0)
Refreshing native plugins compatible for Editor in 0.59 ms, found 0 plugins.
Preloading 0 native plugins for Editor in 0.00 ms.
Unloading 1307 Unused Serialized files (Serialized files now loaded: 0)
System memory in use before: 77.9 MB.
System memory in use after: 76.9 MB.

Unloading 21 unused Assets to reduce memory usage. Loaded Objects now: 1898.
Total: 4.878200 ms (FindLiveObjects: 0.494200 ms CreateObjectMapping: 0.109300 ms MarkObjects: 2.786400 ms  DeleteObjects: 1.485100 ms)

AssetImportParameters requested are different than current active one (requested -> active):
  requireTextureImportCompression: false -> true
  custom:graphics/normal-map-encoding: 01000000000000000000000000000000 -> 02000000000000000000000000000000
========================================================================
Received Prepare
Registering precompiled user dll's ...
Registered in 0.001855 seconds.
Begin MonoManager ReloadAssembly
Native extension for WindowsStandalone target not found
Native extension for WebGL target not found
Refreshing native plugins compatible for Editor in 0.49 ms, found 0 plugins.
Preloading 0 native plugins for Editor in 0.00 ms.
Invoked RoslynAnalysisRunner static constructor.
RoslynAnalysisRunner will not be running.
RoslynAnalysisRunner has terminated.
Mono: successfully reloaded assembly
- Completed reload, in  1.905 seconds
Platform modules already initialized, skipping
Switching build target platform(5) subTarget(0) extendedPlatform(0) -> platform(13) subTarget(589824) extendedPlatform(0)
Refreshing native plugins compatible for Editor in 0.51 ms, found 0 plugins.
Preloading 0 native plugins for Editor in 0.00 ms.
Unloading 1307 Unused Serialized files (Serialized files now loaded: 0)
System memory in use before: 77.8 MB.
System memory in use after: 76.9 MB.

Unloading 21 unused Assets to reduce memory usage. Loaded Objects now: 1902.
Total: 3.940000 ms (FindLiveObjects: 0.405100 ms CreateObjectMapping: 0.116800 ms MarkObjects: 2.172500 ms  DeleteObjects: 1.244300 ms)

AssetImportParameters requested are different than current active one (requested -> active):
  requireTextureImportCompression: false -> true
  custom:graphics/normal-map-encoding: 01000000000000000000000000000000 -> 02000000000000000000000000000000
========================================================================
Received Prepare
Refreshing native plugins compatible for Editor in 2.44 ms, found 0 plugins.
Preloading 0 native plugins for Editor in 0.00 ms.
Unloading 18 Unused Serialized files (Serialized files now loaded: 0)
System memory in use before: 54.4 MB.
System memory in use after: 53.5 MB.

Unloading 18 unused Assets to reduce memory usage. Loaded Objects now: 1902.
Total: 4.881100 ms (FindLiveObjects: 0.622700 ms CreateObjectMapping: 0.102900 ms MarkObjects: 2.770000 ms  DeleteObjects: 1.383100 ms)

========================================================================
Received Prepare
Refreshing native plugins compatible for Editor in 1.36 ms, found 0 plugins.
Preloading 0 native plugins for Editor in 0.00 ms.
Unloading 18 Unused Serialized files (Serialized files now loaded: 0)
System memory in use before: 54.4 MB.
System memory in use after: 53.5 MB.

Unloading 18 unused Assets to reduce memory usage. Loaded Objects now: 1902.
Total: 6.757900 ms (FindLiveObjects: 0.775400 ms CreateObjectMapping: 0.167100 ms MarkObjects: 3.673900 ms  DeleteObjects: 2.138800 ms)

AssetImportParameters requested are different than current active one (requested -> active):
  requireTextureImportCompression: false -> true
========================================================================
Received Import Request.
  Time since last request: 1887.644589 seconds.
  path: Assets/Animations
  artifactKey: Guid(3e1a8be227beae244af198bcf97fbb91) Importer(815301076,1909f56bfc062723c751e8b465ee728b)
Start importing Assets/Animations using Guid(3e1a8be227beae244af198bcf97fbb91) Importer(815301076,1909f56bfc062723c751e8b465ee728b)  -> (artifact id: 'c394a7e56fe2062dfd8a2cb29f5ab4ec') in 0.015557 seconds
  Import took 0.021153 seconds .

========================================================================
Received Import Request.
  Time since last request: 17.913706 seconds.
  path: Assets/Animations/Porta_animator_controller.controller
  artifactKey: Guid(7917c30adc0aa034aaa247b4b2269c5c) Importer(815301076,1909f56bfc062723c751e8b465ee728b)
Start importing Assets/Animations/Porta_animator_controller.controller using Guid(7917c30adc0aa034aaa247b4b2269c5c) Importer(815301076,1909f56bfc062723c751e8b465ee728b)  -> (artifact id: 'f8364d9676308fa30c7b2b95eebaf593') in 0.031886 seconds
  Import took 0.037274 seconds .

========================================================================
Received Import Request.
  Time since last request: 0.002089 seconds.
  path: Assets/Animations/Porta_animator_controller.controller
  artifactKey: Guid(7917c30adc0aa034aaa247b4b2269c5c) Importer(815301076,1909f56bfc062723c751e8b465ee728b)
Start importing Assets/Animations/Porta_animator_controller.controller using Guid(7917c30adc0aa034aaa247b4b2269c5c) Importer(815301076,1909f56bfc062723c751e8b465ee728b)  -> (artifact id: 'f8364d9676308fa30c7b2b95eebaf593') in 0.003827 seconds
  Import took 0.007092 seconds .

========================================================================
Received Import Request.
  Time since last request: 247.638244 seconds.
  path: Assets/Animations/Abrir_Porta.anim
  artifactKey: Guid(030867ed7dd32f04c9c74a64cd9e3d2a) Importer(815301076,1909f56bfc062723c751e8b465ee728b)
Start importing Assets/Animations/Abrir_Porta.anim using Guid(030867ed7dd32f04c9c74a64cd9e3d2a) Importer(815301076,1909f56bfc062723c751e8b465ee728b)  -> (artifact id: '22bc7156b382dbe65d8849b54a48ed56') in 0.021373 seconds
  Import took 0.025470 seconds .

========================================================================
Received Import Request.
  Time since last request: 0.003596 seconds.
  path: Assets/Animations/Abrir_Porta.anim
  artifactKey: Guid(030867ed7dd32f04c9c74a64cd9e3d2a) Importer(815301076,1909f56bfc062723c751e8b465ee728b)
Start importing Assets/Animations/Abrir_Porta.anim using Guid(030867ed7dd32f04c9c74a64cd9e3d2a) Importer(815301076,1909f56bfc062723c751e8b465ee728b)  -> (artifact id: '22bc7156b382dbe65d8849b54a48ed56') in 0.004368 seconds
  Import took 0.007728 seconds .

========================================================================
Received Import Request.
  Time since last request: 2.300813 seconds.
  path: Assets/Animations/Porta_aberta.anim
  artifactKey: Guid(de26b53669378484bb8f7066fd62407e) Importer(815301076,1909f56bfc062723c751e8b465ee728b)
Start importing Assets/Animations/Porta_aberta.anim using Guid(de26b53669378484bb8f7066fd62407e) Importer(815301076,1909f56bfc062723c751e8b465ee728b)  -> (artifact id: '39fd44dafe1d5da27f9963096fdf8c4b') in 0.014257 seconds
  Import took 0.020473 seconds .

========================================================================
Received Import Request.
  Time since last request: 1.667452 seconds.
  path: Assets/Animations/Porta_fechada.anim
  artifactKey: Guid(f76dee93bd17c424caa9f6e41cc94739) Importer(815301076,1909f56bfc062723c751e8b465ee728b)
Start importing Assets/Animations/Porta_fechada.anim using Guid(f76dee93bd17c424caa9f6e41cc94739) Importer(815301076,1909f56bfc062723c751e8b465ee728b)  -> (artifact id: 'ec6e537e3aa9844e4949646dea57d603') in 0.011648 seconds
  Import took 0.015121 seconds .

========================================================================
Received Import Request.
  Time since last request: 1.679982 seconds.
  path: Assets/Animations/Porta_fechada.anim
  artifactKey: Guid(f76dee93bd17c424caa9f6e41cc94739) Importer(815301076,1909f56bfc062723c751e8b465ee728b)
Start importing Assets/Animations/Porta_fechada.anim using Guid(f76dee93bd17c424caa9f6e41cc94739) Importer(815301076,1909f56bfc062723c751e8b465ee728b)  -> (artifact id: '02b47eda4bf3af96c777d954029300fa') in 0.011299 seconds
  Import took 0.015729 seconds .

========================================================================
Received Prepare
Registering precompiled user dll's ...
Registered in 0.001509 seconds.
Begin MonoManager ReloadAssembly
Native extension for WindowsStandalone target not found
Native extension for WebGL target not found
Refreshing native plugins compatible for Editor in 0.54 ms, found 0 plugins.
Preloading 0 native plugins for Editor in 0.00 ms.
Invoked RoslynAnalysisRunner static constructor.
RoslynAnalysisRunner will not be running.
RoslynAnalysisRunner has terminated.
Mono: successfully reloaded assembly
- Completed reload, in  1.868 seconds
Platform modules already initialized, skipping
Switching build target platform(5) subTarget(0) extendedPlatform(0) -> platform(13) subTarget(589824) extendedPlatform(0)
Refreshing native plugins compatible for Editor in 0.69 ms, found 0 plugins.
Preloading 0 native plugins for Editor in 0.00 ms.
Unloading 1307 Unused Serialized files (Serialized files now loaded: 0)
System memory in use before: 77.8 MB.
System memory in use after: 76.8 MB.

Unloading 21 unused Assets to reduce memory usage. Loaded Objects now: 1906.
Total: 8.144500 ms (FindLiveObjects: 0.810600 ms CreateObjectMapping: 0.298900 ms MarkObjects: 4.293500 ms  DeleteObjects: 2.738400 ms)

AssetImportParameters requested are different than current active one (requested -> active):
  requireTextureImportCompression: false -> true
  custom:graphics/normal-map-encoding: 01000000000000000000000000000000 -> 02000000000000000000000000000000
========================================================================
Received Import Request.
  Time since last request: 165.248312 seconds.
  path: Assets/Animations/Lights_Animator.controller
  artifactKey: Guid(440f9875ed8777b4592ad8f8bd52923f) Importer(815301076,1909f56bfc062723c751e8b465ee728b)
Start importing Assets/Animations/Lights_Animator.controller using Guid(440f9875ed8777b4592ad8f8bd52923f) Importer(815301076,1909f56bfc062723c751e8b465ee728b)  -> (artifact id: 'e6aa9d74b19e7ea280312c31238f6f3d') in 0.038682 seconds
  Import took 0.043515 seconds .

========================================================================
Received Import Request.
  Time since last request: 264.959165 seconds.
  path: Assets/Models/props/Materials/level_objects_albedo.tga
  artifactKey: Guid(18ac839bee917ec46a1da07f5ff7b185) Importer(815301076,1909f56bfc062723c751e8b465ee728b)
Start importing Assets/Models/props/Materials/level_objects_albedo.tga using Guid(18ac839bee917ec46a1da07f5ff7b185) Importer(815301076,1909f56bfc062723c751e8b465ee728b)  -> (artifact id: 'ed63778692dd84492fab2b67a1f7d6e2') in 0.194416 seconds
  Import took 0.200533 seconds .

========================================================================
Received Prepare
Refreshing native plugins compatible for Editor in 1.69 ms, found 0 plugins.
Preloading 0 native plugins for Editor in 0.00 ms.
Unloading 18 Unused Serialized files (Serialized files now loaded: 0)
System memory in use before: 54.5 MB.
System memory in use after: 53.5 MB.

Unloading 18 unused Assets to reduce memory usage. Loaded Objects now: 1906.
Total: 6.000700 ms (FindLiveObjects: 0.486000 ms CreateObjectMapping: 0.093700 ms MarkObjects: 4.084700 ms  DeleteObjects: 1.333300 ms)

========================================================================
Received Prepare
Refreshing native plugins compatible for Editor in 1.50 ms, found 0 plugins.
Preloading 0 native plugins for Editor in 0.00 ms.
Unloading 18 Unused Serialized files (Serialized files now loaded: 0)
System memory in use before: 54.5 MB.
System memory in use after: 53.5 MB.

Unloading 18 unused Assets to reduce memory usage. Loaded Objects now: 1906.
Total: 6.659300 ms (FindLiveObjects: 0.450700 ms CreateObjectMapping: 0.104800 ms MarkObjects: 4.168100 ms  DeleteObjects: 1.932700 ms)

AssetImportParameters requested are different than current active one (requested -> active):
  requireTextureImportCompression: false -> true
AssetImportWorkerClient::OnTransportError - code=2 error=End of file
